0 info it worked if it ends with ok
1 verbose cli [ '/usr/local/bin/node',
1 verbose cli   '/usr/local/bin/npm',
1 verbose cli   'run',
1 verbose cli   'build-dist' ]
2 info using npm@3.3.12
3 info using node@v5.4.1
4 verbose run-script [ 'prebuild-dist', 'build-dist', 'postbuild-dist' ]
5 info lifecycle wes_seed_project@1.0.0~prebuild-dist: wes_seed_project@1.0.0
6 silly lifecycle wes_seed_project@1.0.0~prebuild-dist: no script for prebuild-dist, continuing
7 info lifecycle wes_seed_project@1.0.0~build-dist: wes_seed_project@1.0.0
8 verbose lifecycle wes_seed_project@1.0.0~build-dist: unsafe-perm in lifecycle true
9 verbose lifecycle wes_seed_project@1.0.0~build-dist: PATH: /usr/local/lib/node_modules/npm/bin/node-gyp-bin:/home/wesley/Desktop/web/wes_seed_project/node_modules/.bin:/home/wesley/.rbenv/plugins/ruby-build/bin:/home/wesley/.rbenv/shims:/home/wesley/.rbenv/bin:/usr/local/heroku/bin:/usr/local/sbin:/usr/local/bin:/usr/sbin:/usr/bin:/sbin:/bin:/usr/games:/usr/local/games
10 verbose lifecycle wes_seed_project@1.0.0~build-dist: CWD: /home/wesley/Desktop/web/wes_seed_project
11 silly lifecycle wes_seed_project@1.0.0~build-dist: Args: [ '-c',
11 silly lifecycle   'rm -rf ./dist && webpack --config webpack.config.js  --bail -p' ]
12 silly lifecycle wes_seed_project@1.0.0~build-dist: Returned: code: 1  signal: null
13 info lifecycle wes_seed_project@1.0.0~build-dist: Failed to exec build-dist script
14 verbose stack Error: wes_seed_project@1.0.0 build-dist: `rm -rf ./dist && webpack --config webpack.config.js  --bail -p`
14 verbose stack Exit status 1
14 verbose stack     at EventEmitter.<anonymous> (/usr/local/lib/node_modules/npm/lib/utils/lifecycle.js:232:16)
14 verbose stack     at emitTwo (events.js:87:13)
14 verbose stack     at EventEmitter.emit (events.js:172:7)
14 verbose stack     at ChildProcess.<anonymous> (/usr/local/lib/node_modules/npm/lib/utils/spawn.js:24:14)
14 verbose stack     at emitTwo (events.js:87:13)
14 verbose stack     at ChildProcess.emit (events.js:172:7)
14 verbose stack     at maybeClose (internal/child_process.js:821:16)
14 verbose stack     at Process.ChildProcess._handle.onexit (internal/child_process.js:211:5)
15 verbose pkgid wes_seed_project@1.0.0
16 verbose cwd /home/wesley/Desktop/web/wes_seed_project
17 error Linux 3.13.0-43-generic
18 error argv "/usr/local/bin/node" "/usr/local/bin/npm" "run" "build-dist"
19 error node v5.4.1
20 error npm  v3.3.12
21 error code ELIFECYCLE
22 error wes_seed_project@1.0.0 build-dist: `rm -rf ./dist && webpack --config webpack.config.js  --bail -p`
22 error Exit status 1
23 error Failed at the wes_seed_project@1.0.0 build-dist script 'rm -rf ./dist && webpack --config webpack.config.js  --bail -p'.
23 error Make sure you have the latest version of node.js and npm installed.
23 error If you do, this is most likely a problem with the wes_seed_project package,
23 error not with npm itself.
23 error Tell the author that this fails on your system:
23 error     rm -rf ./dist && webpack --config webpack.config.js  --bail -p
23 error You can get their info via:
23 error     npm owner ls wes_seed_project
23 error There is likely additional logging output above.
24 verbose exit [ 1, true ]
